build/app/intermediates/manifest_merge_blame_file/debug/manifest-merger-blame-debug-report.txt
1<?xml version="1.0" encoding="utf-8"?>
2<manifest xmlns:android="http://schemas.android.com/apk/res/android"
3    package="ne.adn.agrishopseller"
4    android:versionCode="10"
5    android:versionName="2.7.0" >
6
7    <uses-sdk
8        android:minSdkVersion="20"
9        android:targetSdkVersion="33" />
10    <!--
11         Flutter needs it to communicate with the running application
12         to allow setting breakpoints, to provide hot reload, etc.
13    -->
14    <uses-permission android:name="android.permission.INTERNET" />
14-->src\main\AndroidManifest.xml:6:5-67
14-->src\main\AndroidManifest.xml:6:22-64
15    <uses-permission android:name="android.permission.ACCESS_FINE_LOCATION" />
15-->src\main\AndroidManifest.xml:7:5-79
15-->src\main\AndroidManifest.xml:7:22-76
16    <uses-permission android:name="android.permission.ACCESS_COARSE_LOCATION" />
16-->src\main\AndroidManifest.xml:8:5-81
16-->src\main\AndroidManifest.xml:8:22-78
17    <uses-permission android:name="android.permission.WRITE_EXTERNAL_STORAGE" />
17-->src\main\AndroidManifest.xml:12:5-81
17-->src\main\AndroidManifest.xml:12:22-78
18    <uses-permission android:name="android.permission.READ_EXTERNAL_STORAGE" />
18-->src\main\AndroidManifest.xml:13:5-80
18-->src\main\AndroidManifest.xml:13:22-77
19
20    <queries>
20-->[:file_picker] AndroidManifest.xml:9:5-15:15
21        <intent>
21-->[:file_picker] AndroidManifest.xml:10:9-14:18
22            <action android:name="android.intent.action.GET_CONTENT" />
22-->[:file_picker] AndroidManifest.xml:11:13-72
22-->[:file_picker] AndroidManifest.xml:11:21-69
23
24            <data android:mimeType="*/*" />
24-->[:file_picker] AndroidManifest.xml:13:13-44
24-->[:file_picker] AndroidManifest.xml:13:19-41
25        </intent>
26        <intent>
26-->[:flutter_downloader] AndroidManifest.xml:11:9-13:18
27            <action android:name="android.intent.action.VIEW" />
27-->[:flutter_downloader] AndroidManifest.xml:12:13-65
27-->[:flutter_downloader] AndroidManifest.xml:12:21-62
28        </intent> <!-- Needs to be explicitly declared on Android R+ -->
29        <package android:name="com.google.android.apps.maps" />
29-->[com.google.android.gms:play-services-maps:18.2.0] AndroidManifest.xml:33:9-64
29-->[com.google.android.gms:play-services-maps:18.2.0] AndroidManifest.xml:33:18-61
30    </queries>
31
32    <uses-permission android:name="android.permission.POST_NOTIFICATIONS" /> <!-- Include required permissions for Google Maps API to run. -->
32-->[:flutter_downloader] AndroidManifest.xml:16:5-77
32-->[:flutter_downloader] AndroidManifest.xml:16:22-74
33    <uses-permission android:name="android.permission.ACCESS_NETWORK_STATE" />
33-->[com.google.android.gms:play-services-maps:18.2.0] AndroidManifest.xml:23:5-79
33-->[com.google.android.gms:play-services-maps:18.2.0] AndroidManifest.xml:23:22-76
34
35    <uses-feature
35-->[com.google.android.gms:play-services-maps:18.2.0] AndroidManifest.xml:26:5-28:35
36        android:glEsVersion="0x00020000"
36-->[com.google.android.gms:play-services-maps:18.2.0] AndroidManifest.xml:27:9-41
37        android:required="true" />
37-->[com.google.android.gms:play-services-maps:18.2.0] AndroidManifest.xml:28:9-32
38
39    <uses-permission android:name="android.permission.WAKE_LOCK" />
39-->[androidx.work:work-runtime:2.7.1] AndroidManifest.xml:25:5-68
39-->[androidx.work:work-runtime:2.7.1] AndroidManifest.xml:25:22-65
40    <uses-permission android:name="android.permission.RECEIVE_BOOT_COMPLETED" />
40-->[androidx.work:work-runtime:2.7.1] AndroidManifest.xml:27:5-81
40-->[androidx.work:work-runtime:2.7.1] AndroidManifest.xml:27:22-78
41    <uses-permission android:name="android.permission.FOREGROUND_SERVICE" />
41-->[androidx.work:work-runtime:2.7.1] AndroidManifest.xml:28:5-77
41-->[androidx.work:work-runtime:2.7.1] AndroidManifest.xml:28:22-74
42
43    <permission
43-->[androidx.core:core:1.10.1] AndroidManifest.xml:22:5-24:47
44        android:name="ne.adn.agrishopseller.DYNAMIC_RECEIVER_NOT_EXPORTED_PERMISSION"
44-->[androidx.core:core:1.10.1] AndroidManifest.xml:23:9-81
45        android:protectionLevel="signature" />
45-->[androidx.core:core:1.10.1] AndroidManifest.xml:24:9-44
46
47    <uses-permission android:name="ne.adn.agrishopseller.DYNAMIC_RECEIVER_NOT_EXPORTED_PERMISSION" />
47-->[androidx.core:core:1.10.1] AndroidManifest.xml:26:5-97
47-->[androidx.core:core:1.10.1] AndroidManifest.xml:26:22-94
48
49    <application
50        android:name="android.app.Application"
51        android:appComponentFactory="androidx.core.app.CoreComponentFactory"
51-->[androidx.core:core:1.10.1] AndroidManifest.xml:28:18-86
52        android:debuggable="true"
53        android:icon="@mipmap/launcher_icon"
54        android:label="AgriShop Vendeur"
55        android:networkSecurityConfig="@xml/network_security_config"
56        android:requestLegacyExternalStorage="true"
57        android:usesCleartextTraffic="true" >
58        <provider
59            android:name="vn.hunghd.flutterdownloader.DownloadedFileProvider"
60            android:authorities="ne.adn.agrishopseller.flutter_downloader.provider"
61            android:exported="false"
62            android:grantUriPermissions="true" >
63            <meta-data
63-->[:image_picker_android] AndroidManifest.xml:13:13-15:75
64                android:name="android.support.FILE_PROVIDER_PATHS"
64-->[:image_picker_android] AndroidManifest.xml:14:17-67
65                android:resource="@xml/provider_paths" />
65-->[:image_picker_android] AndroidManifest.xml:15:17-72
66        </provider>
67        <!-- Begin FlutterDownloader customization -->
68        <!-- disable default Initializer -->
69        <provider
70            android:name="androidx.startup.InitializationProvider"
71            android:authorities="ne.adn.agrishopseller.androidx-startup"
72            android:exported="false" >
73            <meta-data
73-->[androidx.profileinstaller:profileinstaller:1.3.0] AndroidManifest.xml:29:13-31:52
74                android:name="androidx.profileinstaller.ProfileInstallerInitializer"
74-->[androidx.profileinstaller:profileinstaller:1.3.0] AndroidManifest.xml:30:17-85
75                android:value="androidx.startup" />
75-->[androidx.profileinstaller:profileinstaller:1.3.0] AndroidManifest.xml:31:17-49
76        </provider>
77
78        <!-- declare customized Initializer -->
79        <provider
80            android:name="vn.hunghd.flutterdownloader.FlutterDownloaderInitializer"
81            android:authorities="ne.adn.agrishopseller.flutter-downloader-init"
82            android:exported="false" >
83
84            <!-- changes this number to configure the maximum number of concurrent tasks -->
85            <meta-data
86                android:name="vn.hunghd.flutterdownloader.MAX_CONCURRENT_TASKS"
87                android:value="5" />
88        </provider>
89        <!-- End FlutterDownloader customization -->
90
91        <activity
92            android:name="com.activeitzone.active_ecommerce_seller_app.MainActivity"
93            android:configChanges="orientation|keyboardHidden|keyboard|screenSize|smallestScreenSize|locale|layoutDirection|fontScale|screenLayout|density|uiMode"
94            android:exported="true"
95            android:hardwareAccelerated="true"
96            android:launchMode="singleTop"
97            android:theme="@style/LaunchTheme"
98            android:windowSoftInputMode="adjustResize" >
99
100            <!--
101                 Specifies an Android theme to apply to this Activity as soon as
102                 the Android process has started. This theme is visible to the user
103                 while the Flutter UI initializes. After that, this theme continues
104                 to determine the Window background behind the Flutter UI.
105            -->
106            <meta-data
107                android:name="io.flutter.embedding.android.NormalTheme"
108                android:resource="@style/NormalTheme" />
109            <!--
110                 Displays an Android View that continues showing the launch screen
111                 Drawable until Flutter paints its first frame, then this splash
112                 screen fades out. A splash screen is useful to avoid any visual
113                 gap between the end of Android's launch screen and the painting of
114                 Flutter's first frame.
115            -->
116            <meta-data
117                android:name="io.flutter.embedding.android.SplashScreenDrawable"
118                android:resource="@drawable/launch_background" />
119
120            <intent-filter>
121                <action android:name="android.intent.action.MAIN" />
122
123                <category android:name="android.intent.category.LAUNCHER" />
124            </intent-filter>
125        </activity>
126        <!--
127             Don't delete the meta-data below.
128             This is used by the Flutter tool to generate GeneratedPluginRegistrant.java
129        -->
130        <meta-data
131            android:name="flutterEmbedding"
132            android:value="2" />
133        <meta-data
134            android:name="com.google.android.geo.API_KEY"
135            android:value="" />
136
137        <service
137-->[:geolocator_android] AndroidManifest.xml:8:9-12:56
138            android:name="com.baseflow.geolocator.GeolocatorLocationService"
138-->[:geolocator_android] AndroidManifest.xml:9:13-77
139            android:enabled="true"
139-->[:geolocator_android] AndroidManifest.xml:10:13-35
140            android:exported="false"
140-->[:geolocator_android] AndroidManifest.xml:11:13-37
141            android:foregroundServiceType="location" />
141-->[:geolocator_android] AndroidManifest.xml:12:13-53
142
143        <provider
143-->[:image_picker_android] AndroidManifest.xml:8:9-16:20
144            android:name="io.flutter.plugins.imagepicker.ImagePickerFileProvider"
144-->[:image_picker_android] AndroidManifest.xml:9:13-82
145            android:authorities="ne.adn.agrishopseller.flutter.image_provider"
145-->[:image_picker_android] AndroidManifest.xml:10:13-74
146            android:exported="false"
146-->[:image_picker_android] AndroidManifest.xml:11:13-37
147            android:grantUriPermissions="true" >
147-->[:image_picker_android] AndroidManifest.xml:12:13-47
148            <meta-data
148-->[:image_picker_android] AndroidManifest.xml:13:13-15:75
149                android:name="android.support.FILE_PROVIDER_PATHS"
149-->[:image_picker_android] AndroidManifest.xml:14:17-67
150                android:resource="@xml/flutter_image_picker_file_paths" />
150-->[:image_picker_android] AndroidManifest.xml:15:17-72
151        </provider> <!-- Needs to be explicitly declared on P+ -->
152        <uses-library
152-->[com.google.android.gms:play-services-maps:18.2.0] AndroidManifest.xml:39:9-41:40
153            android:name="org.apache.http.legacy"
153-->[com.google.android.gms:play-services-maps:18.2.0] AndroidManifest.xml:40:13-50
154            android:required="false" />
154-->[com.google.android.gms:play-services-maps:18.2.0] AndroidManifest.xml:41:13-37
155
156        <activity
156-->[com.google.android.gms:play-services-base:18.1.0] AndroidManifest.xml:20:9-22:45
157            android:name="com.google.android.gms.common.api.GoogleApiActivity"
157-->[com.google.android.gms:play-services-base:18.1.0] AndroidManifest.xml:20:19-85
158            android:exported="false"
158-->[com.google.android.gms:play-services-base:18.1.0] AndroidManifest.xml:22:19-43
159            android:theme="@android:style/Theme.Translucent.NoTitleBar" />
159-->[com.google.android.gms:play-services-base:18.1.0] AndroidManifest.xml:21:19-78
160
161        <meta-data
161-->[com.google.android.gms:play-services-basement:18.1.0] AndroidManifest.xml:21:9-23:69
162            android:name="com.google.android.gms.version"
162-->[com.google.android.gms:play-services-basement:18.1.0] AndroidManifest.xml:22:13-58
163            android:value="@integer/google_play_services_version" />
163-->[com.google.android.gms:play-services-basement:18.1.0] AndroidManifest.xml:23:13-66
164
165        <service
165-->[androidx.work:work-runtime:2.7.1] AndroidManifest.xml:41:9-46:35
166            android:name="androidx.work.impl.background.systemalarm.SystemAlarmService"
166-->[androidx.work:work-runtime:2.7.1] AndroidManifest.xml:42:13-88
167            android:directBootAware="false"
167-->[androidx.work:work-runtime:2.7.1] AndroidManifest.xml:43:13-44
168            android:enabled="@bool/enable_system_alarm_service_default"
168-->[androidx.work:work-runtime:2.7.1] AndroidManifest.xml:44:13-72
169            android:exported="false" />
169-->[androidx.work:work-runtime:2.7.1] AndroidManifest.xml:45:13-37
170        <service
170-->[androidx.work:work-runtime:2.7.1] AndroidManifest.xml:47:9-53:35
171            android:name="androidx.work.impl.background.systemjob.SystemJobService"
171-->[androidx.work:work-runtime:2.7.1] AndroidManifest.xml:48:13-84
172            android:directBootAware="false"
172-->[androidx.work:work-runtime:2.7.1] AndroidManifest.xml:49:13-44
173            android:enabled="@bool/enable_system_job_service_default"
173-->[androidx.work:work-runtime:2.7.1] AndroidManifest.xml:50:13-70
174            android:exported="true"
174-->[androidx.work:work-runtime:2.7.1] AndroidManifest.xml:51:13-36
175            android:permission="android.permission.BIND_JOB_SERVICE" />
175-->[androidx.work:work-runtime:2.7.1] AndroidManifest.xml:52:13-69
176        <service
176-->[androidx.work:work-runtime:2.7.1] AndroidManifest.xml:54:9-59:35
177            android:name="androidx.work.impl.foreground.SystemForegroundService"
177-->[androidx.work:work-runtime:2.7.1] AndroidManifest.xml:55:13-81
178            android:directBootAware="false"
178-->[androidx.work:work-runtime:2.7.1] AndroidManifest.xml:56:13-44
179            android:enabled="@bool/enable_system_foreground_service_default"
179-->[androidx.work:work-runtime:2.7.1] AndroidManifest.xml:57:13-77
180            android:exported="false" />
180-->[androidx.work:work-runtime:2.7.1] AndroidManifest.xml:58:13-37
181
182        <receiver
182-->[androidx.work:work-runtime:2.7.1] AndroidManifest.xml:61:9-66:35
183            android:name="androidx.work.impl.utils.ForceStopRunnable$BroadcastReceiver"
183-->[androidx.work:work-runtime:2.7.1] AndroidManifest.xml:62:13-88
184            android:directBootAware="false"
184-->[androidx.work:work-runtime:2.7.1] AndroidManifest.xml:63:13-44
185            android:enabled="true"
185-->[androidx.work:work-runtime:2.7.1] AndroidManifest.xml:64:13-35
186            android:exported="false" />
186-->[androidx.work:work-runtime:2.7.1] AndroidManifest.xml:65:13-37
187        <receiver
187-->[androidx.work:work-runtime:2.7.1] AndroidManifest.xml:67:9-77:20
188            android:name="androidx.work.impl.background.systemalarm.ConstraintProxy$BatteryChargingProxy"
188-->[androidx.work:work-runtime:2.7.1] AndroidManifest.xml:68:13-106
189            android:directBootAware="false"
189-->[androidx.work:work-runtime:2.7.1] AndroidManifest.xml:69:13-44
190            android:enabled="false"
190-->[androidx.work:work-runtime:2.7.1] AndroidManifest.xml:70:13-36
191            android:exported="false" >
191-->[androidx.work:work-runtime:2.7.1] AndroidManifest.xml:71:13-37
192            <intent-filter>
192-->[androidx.work:work-runtime:2.7.1] AndroidManifest.xml:73:13-76:29
193                <action android:name="android.intent.action.ACTION_POWER_CONNECTED" />
193-->[androidx.work:work-runtime:2.7.1] AndroidManifest.xml:74:17-87
193-->[androidx.work:work-runtime:2.7.1] AndroidManifest.xml:74:25-84
194                <action android:name="android.intent.action.ACTION_POWER_DISCONNECTED" />
194-->[androidx.work:work-runtime:2.7.1] AndroidManifest.xml:75:17-90
194-->[androidx.work:work-runtime:2.7.1] AndroidManifest.xml:75:25-87
195            </intent-filter>
196        </receiver>
197        <receiver
197-->[androidx.work:work-runtime:2.7.1] AndroidManifest.xml:78:9-88:20
198            android:name="androidx.work.impl.background.systemalarm.ConstraintProxy$BatteryNotLowProxy"
198-->[androidx.work:work-runtime:2.7.1] AndroidManifest.xml:79:13-104
199            android:directBootAware="false"
199-->[androidx.work:work-runtime:2.7.1] AndroidManifest.xml:80:13-44
200            android:enabled="false"
200-->[androidx.work:work-runtime:2.7.1] AndroidManifest.xml:81:13-36
201            android:exported="false" >
201-->[androidx.work:work-runtime:2.7.1] AndroidManifest.xml:82:13-37
202            <intent-filter>
202-->[androidx.work:work-runtime:2.7.1] AndroidManifest.xml:84:13-87:29
203                <action android:name="android.intent.action.BATTERY_OKAY" />
203-->[androidx.work:work-runtime:2.7.1] AndroidManifest.xml:85:17-77
203-->[androidx.work:work-runtime:2.7.1] AndroidManifest.xml:85:25-74
204                <action android:name="android.intent.action.BATTERY_LOW" />
204-->[androidx.work:work-runtime:2.7.1] AndroidManifest.xml:86:17-76
204-->[androidx.work:work-runtime:2.7.1] AndroidManifest.xml:86:25-73
205            </intent-filter>
206        </receiver>
207        <receiver
207-->[androidx.work:work-runtime:2.7.1] AndroidManifest.xml:89:9-99:20
208            android:name="androidx.work.impl.background.systemalarm.ConstraintProxy$StorageNotLowProxy"
208-->[androidx.work:work-runtime:2.7.1] AndroidManifest.xml:90:13-104
209            android:directBootAware="false"
209-->[androidx.work:work-runtime:2.7.1] AndroidManifest.xml:91:13-44
210            android:enabled="false"
210-->[androidx.work:work-runtime:2.7.1] AndroidManifest.xml:92:13-36
211            android:exported="false" >
211-->[androidx.work:work-runtime:2.7.1] AndroidManifest.xml:93:13-37
212            <intent-filter>
212-->[androidx.work:work-runtime:2.7.1] AndroidManifest.xml:95:13-98:29
213                <action android:name="android.intent.action.DEVICE_STORAGE_LOW" />
213-->[androidx.work:work-runtime:2.7.1] AndroidManifest.xml:96:17-83
213-->[androidx.work:work-runtime:2.7.1] AndroidManifest.xml:96:25-80
214                <action android:name="android.intent.action.DEVICE_STORAGE_OK" />
214-->[androidx.work:work-runtime:2.7.1] AndroidManifest.xml:97:17-82
214-->[androidx.work:work-runtime:2.7.1] AndroidManifest.xml:97:25-79
215            </intent-filter>
216        </receiver>
217        <receiver
217-->[androidx.work:work-runtime:2.7.1] AndroidManifest.xml:100:9-109:20
218            android:name="androidx.work.impl.background.systemalarm.ConstraintProxy$NetworkStateProxy"
218-->[androidx.work:work-runtime:2.7.1] AndroidManifest.xml:101:13-103
219            android:directBootAware="false"
219-->[androidx.work:work-runtime:2.7.1] AndroidManifest.xml:102:13-44
220            android:enabled="false"
220-->[androidx.work:work-runtime:2.7.1] AndroidManifest.xml:103:13-36
221            android:exported="false" >
221-->[androidx.work:work-runtime:2.7.1] AndroidManifest.xml:104:13-37
222            <intent-filter>
222-->[androidx.work:work-runtime:2.7.1] AndroidManifest.xml:106:13-108:29
223                <action android:name="android.net.conn.CONNECTIVITY_CHANGE" />
223-->[androidx.work:work-runtime:2.7.1] AndroidManifest.xml:107:17-79
223-->[androidx.work:work-runtime:2.7.1] AndroidManifest.xml:107:25-76
224            </intent-filter>
225        </receiver>
226        <receiver
226-->[androidx.work:work-runtime:2.7.1] AndroidManifest.xml:110:9-121:20
227            android:name="androidx.work.impl.background.systemalarm.RescheduleReceiver"
227-->[androidx.work:work-runtime:2.7.1] AndroidManifest.xml:111:13-88
228            android:directBootAware="false"
228-->[androidx.work:work-runtime:2.7.1] AndroidManifest.xml:112:13-44
229            android:enabled="false"
229-->[androidx.work:work-runtime:2.7.1] AndroidManifest.xml:113:13-36
230            android:exported="false" >
230-->[androidx.work:work-runtime:2.7.1] AndroidManifest.xml:114:13-37
231            <intent-filter>
231-->[androidx.work:work-runtime:2.7.1] AndroidManifest.xml:116:13-120:29
232                <action android:name="android.intent.action.BOOT_COMPLETED" />
232-->[androidx.work:work-runtime:2.7.1] AndroidManifest.xml:117:17-79
232-->[androidx.work:work-runtime:2.7.1] AndroidManifest.xml:117:25-76
233                <action android:name="android.intent.action.TIME_SET" />
233-->[androidx.work:work-runtime:2.7.1] AndroidManifest.xml:118:17-73
233-->[androidx.work:work-runtime:2.7.1] AndroidManifest.xml:118:25-70
234                <action android:name="android.intent.action.TIMEZONE_CHANGED" />
234-->[androidx.work:work-runtime:2.7.1] AndroidManifest.xml:119:17-81
234-->[androidx.work:work-runtime:2.7.1] AndroidManifest.xml:119:25-78
235            </intent-filter>
236        </receiver>
237        <receiver
237-->[androidx.work:work-runtime:2.7.1] AndroidManifest.xml:122:9-131:20
238            android:name="androidx.work.impl.background.systemalarm.ConstraintProxyUpdateReceiver"
238-->[androidx.work:work-runtime:2.7.1] AndroidManifest.xml:123:13-99
239            android:directBootAware="false"
239-->[androidx.work:work-runtime:2.7.1] AndroidManifest.xml:124:13-44
240            android:enabled="@bool/enable_system_alarm_service_default"
240-->[androidx.work:work-runtime:2.7.1] AndroidManifest.xml:125:13-72
241            android:exported="false" >
241-->[androidx.work:work-runtime:2.7.1] AndroidManifest.xml:126:13-37
242            <intent-filter>
242-->[androidx.work:work-runtime:2.7.1] AndroidManifest.xml:128:13-130:29
243                <action android:name="androidx.work.impl.background.systemalarm.UpdateProxies" />
243-->[androidx.work:work-runtime:2.7.1] AndroidManifest.xml:129:17-98
243-->[androidx.work:work-runtime:2.7.1] AndroidManifest.xml:129:25-95
244            </intent-filter>
245        </receiver>
246        <receiver
246-->[androidx.work:work-runtime:2.7.1] AndroidManifest.xml:132:9-142:20
247            android:name="androidx.work.impl.diagnostics.DiagnosticsReceiver"
247-->[androidx.work:work-runtime:2.7.1] AndroidManifest.xml:133:13-78
248            android:directBootAware="false"
248-->[androidx.work:work-runtime:2.7.1] AndroidManifest.xml:134:13-44
249            android:enabled="true"
249-->[androidx.work:work-runtime:2.7.1] AndroidManifest.xml:135:13-35
250            android:exported="true"
250-->[androidx.work:work-runtime:2.7.1] AndroidManifest.xml:136:13-36
251            android:permission="android.permission.DUMP" >
251-->[androidx.work:work-runtime:2.7.1] AndroidManifest.xml:137:13-57
252            <intent-filter>
252-->[androidx.work:work-runtime:2.7.1] AndroidManifest.xml:139:13-141:29
253                <action android:name="androidx.work.diagnostics.REQUEST_DIAGNOSTICS" />
253-->[androidx.work:work-runtime:2.7.1] AndroidManifest.xml:140:17-88
253-->[androidx.work:work-runtime:2.7.1] AndroidManifest.xml:140:25-85
254            </intent-filter>
255        </receiver>
256
257        <uses-library
257-->[androidx.window:window:1.0.0-beta04] AndroidManifest.xml:25:9-27:40
258            android:name="androidx.window.extensions"
258-->[androidx.window:window:1.0.0-beta04] AndroidManifest.xml:26:13-54
259            android:required="false" />
259-->[androidx.window:window:1.0.0-beta04] AndroidManifest.xml:27:13-37
260        <uses-library
260-->[androidx.window:window:1.0.0-beta04] AndroidManifest.xml:28:9-30:40
261            android:name="androidx.window.sidecar"
261-->[androidx.window:window:1.0.0-beta04] AndroidManifest.xml:29:13-51
262            android:required="false" />
262-->[androidx.window:window:1.0.0-beta04] AndroidManifest.xml:30:13-37
263
264        <receiver
264-->[androidx.profileinstaller:profileinstaller:1.3.0] AndroidManifest.xml:34:9-52:20
265            android:name="androidx.profileinstaller.ProfileInstallReceiver"
265-->[androidx.profileinstaller:profileinstaller:1.3.0] AndroidManifest.xml:35:13-76
266            android:directBootAware="false"
266-->[androidx.profileinstaller:profileinstaller:1.3.0] AndroidManifest.xml:36:13-44
267            android:enabled="true"
267-->[androidx.profileinstaller:profileinstaller:1.3.0] AndroidManifest.xml:37:13-35
268            android:exported="true"
268-->[androidx.profileinstaller:profileinstaller:1.3.0] AndroidManifest.xml:38:13-36
269            android:permission="android.permission.DUMP" >
269-->[androidx.profileinstaller:profileinstaller:1.3.0] AndroidManifest.xml:39:13-57
270            <intent-filter>
270-->[androidx.profileinstaller:profileinstaller:1.3.0] AndroidManifest.xml:40:13-42:29
271                <action android:name="androidx.profileinstaller.action.INSTALL_PROFILE" />
271-->[androidx.profileinstaller:profileinstaller:1.3.0] AndroidManifest.xml:41:17-91
271-->[androidx.profileinstaller:profileinstaller:1.3.0] AndroidManifest.xml:41:25-88
272            </intent-filter>
273            <intent-filter>
273-->[androidx.profileinstaller:profileinstaller:1.3.0] AndroidManifest.xml:43:13-45:29
274                <action android:name="androidx.profileinstaller.action.SKIP_FILE" />
274-->[androidx.profileinstaller:profileinstaller:1.3.0] AndroidManifest.xml:44:17-85
274-->[androidx.profileinstaller:profileinstaller:1.3.0] AndroidManifest.xml:44:25-82
275            </intent-filter>
276            <intent-filter>
276-->[androidx.profileinstaller:profileinstaller:1.3.0] AndroidManifest.xml:46:13-48:29
277                <action android:name="androidx.profileinstaller.action.SAVE_PROFILE" />
277-->[androidx.profileinstaller:profileinstaller:1.3.0] AndroidManifest.xml:47:17-88
277-->[androidx.profileinstaller:profileinstaller:1.3.0] AndroidManifest.xml:47:25-85
278            </intent-filter>
279            <intent-filter>
279-->[androidx.profileinstaller:profileinstaller:1.3.0] AndroidManifest.xml:49:13-51:29
280                <action android:name="androidx.profileinstaller.action.BENCHMARK_OPERATION" />
280-->[androidx.profileinstaller:profileinstaller:1.3.0] AndroidManifest.xml:50:17-95
280-->[androidx.profileinstaller:profileinstaller:1.3.0] AndroidManifest.xml:50:25-92
281            </intent-filter>
282        </receiver>
283
284        <service
284-->[androidx.room:room-runtime:2.2.5] AndroidManifest.xml:25:9-28:40
285            android:name="androidx.room.MultiInstanceInvalidationService"
285-->[androidx.room:room-runtime:2.2.5] AndroidManifest.xml:26:13-74
286            android:directBootAware="true"
286-->[androidx.room:room-runtime:2.2.5] AndroidManifest.xml:27:13-43
287            android:exported="false" />
287-->[androidx.room:room-runtime:2.2.5] AndroidManifest.xml:28:13-37
288    </application>
289
290</manifest>